c:\users\patrik\documents\projects\kiv-os\msvc\kernel\x64\release\vc141.pdb
c:\users\patrik\documents\projects\kiv-os\msvc\kernel\x64\release\pipehandler.obj
c:\users\patrik\documents\projects\kiv-os\msvc\kernel\x64\release\pipe.obj
c:\users\patrik\documents\projects\kiv-os\msvc\kernel\x64\release\binsemaphore.obj
c:\users\patrik\documents\projects\kiv-os\msvc\kernel\x64\release\kernel.obj
c:\users\patrik\documents\projects\kiv-os\msvc\kernel\x64\release\io.obj
c:\users\patrik\documents\projects\kiv-os\msvc\kernel\x64\release\fatfs.obj
c:\users\patrik\documents\projects\kiv-os\msvc\kernel\x64\release\vfs.obj
c:\users\patrik\documents\projects\kiv-os\msvc\kernel\x64\release\test_vfs.obj
c:\users\patrik\documents\projects\kiv-os\msvc\kernel\x64\release\procfilesystem.obj
c:\users\patrik\documents\projects\kiv-os\msvc\kernel\x64\release\processmanager.obj
c:\users\patrik\documents\projects\kiv-os\msvc\kernel\x64\release\fs.obj
c:\users\patrik\documents\projects\kiv-os\msvc\kernel\x64\release\filehandler.obj
c:\users\patrik\documents\projects\kiv-os\msvc\kernel\x64\release\dllmain.obj
c:\users\patrik\documents\projects\kiv-os\msvc\kernel\x64\release\console.obj
c:\users\patrik\documents\projects\kiv-os\msvc\kernel\x64\release\library.obj
c:\users\patrik\documents\projects\kiv-os\msvc\kernel\x64\release\fat.obj
c:\users\patrik\documents\projects\kiv-os\compiled\kernel.lib
c:\users\patrik\documents\projects\kiv-os\compiled\kernel.exp
c:\users\patrik\documents\projects\kiv-os\compiled\kernel.ipdb
c:\users\patrik\documents\projects\kiv-os\compiled\kernel.iobj
c:\users\patrik\documents\projects\kiv-os\compiled\kernel.dll
c:\users\patrik\documents\projects\kiv-os\compiled\kernel.pdb
c:\users\patrik\documents\projects\kiv-os\msvc\kernel\..\..\compiled\kernel.dll
c:\users\patrik\documents\projects\kiv-os\msvc\kernel\x64\release\kernel.tlog\cl.command.1.tlog
c:\users\patrik\documents\projects\kiv-os\msvc\kernel\x64\release\kernel.tlog\cl.read.1.tlog
c:\users\patrik\documents\projects\kiv-os\msvc\kernel\x64\release\kernel.tlog\cl.write.1.tlog
c:\users\patrik\documents\projects\kiv-os\msvc\kernel\x64\release\kernel.tlog\kernel.write.1u.tlog
c:\users\patrik\documents\projects\kiv-os\msvc\kernel\x64\release\kernel.tlog\link.command.1.tlog
c:\users\patrik\documents\projects\kiv-os\msvc\kernel\x64\release\kernel.tlog\link.read.1.tlog
c:\users\patrik\documents\projects\kiv-os\msvc\kernel\x64\release\kernel.tlog\link.write.1.tlog
