c:\users\patrik\documents\projects\kiv-os\compiled\boot.ipdb
c:\users\patrik\documents\projects\kiv-os\compiled\boot.iobj
c:\users\patrik\documents\projects\kiv-os\msvc\boot\x64\debug\vc141.pdb
c:\users\patrik\documents\projects\kiv-os\msvc\boot\x64\debug\vc141.idb
c:\users\patrik\documents\projects\kiv-os\msvc\boot\x64\debug\main.obj
c:\users\patrik\documents\projects\kiv-os\msvc\boot\x64\debug\main.nativecodeanalysis.xml
c:\users\patrik\documents\projects\kiv-os\compiled\boot.ilk
c:\users\patrik\documents\projects\kiv-os\compiled\boot.exe
c:\users\patrik\documents\projects\kiv-os\compiled\lnk{a785b7f9-3d74-4382-8fcc-d0b099e37b07}.tmp
c:\users\patrik\documents\projects\kiv-os\compiled\boot.pdb
c:\users\patrik\documents\projects\kiv-os\msvc\boot\x64\debug\nativecodeanalysis.read.1.tlog
c:\users\patrik\documents\projects\kiv-os\msvc\boot\x64\debug\vc.nativecodeanalysis.all.xml
c:\users\patrik\documents\projects\kiv-os\msvc\boot\..\..\compiled\boot.exe
c:\users\patrik\documents\projects\kiv-os\msvc\boot\x64\debug\boot.tlog\boot.write.1u.tlog
c:\users\patrik\documents\projects\kiv-os\msvc\boot\x64\debug\boot.tlog\cl.command.1.tlog
c:\users\patrik\documents\projects\kiv-os\msvc\boot\x64\debug\boot.tlog\cl.read.1.tlog
c:\users\patrik\documents\projects\kiv-os\msvc\boot\x64\debug\boot.tlog\cl.write.1.tlog
c:\users\patrik\documents\projects\kiv-os\msvc\boot\x64\debug\boot.tlog\link.command.1.tlog
c:\users\patrik\documents\projects\kiv-os\msvc\boot\x64\debug\boot.tlog\link.delete.1.tlog
c:\users\patrik\documents\projects\kiv-os\msvc\boot\x64\debug\boot.tlog\link.read.1.tlog
c:\users\patrik\documents\projects\kiv-os\msvc\boot\x64\debug\boot.tlog\link.write.1.tlog
