c:\users\patrik\documents\projects\kiv-os\msvc\kernel\x64\debug\vc141.pdb
c:\users\patrik\documents\projects\kiv-os\msvc\kernel\x64\debug\vc141.idb
c:\users\patrik\documents\projects\kiv-os\msvc\kernel\x64\debug\console.nativecodeanalysis.xml
c:\users\patrik\documents\projects\kiv-os\msvc\kernel\x64\debug\dllmain.nativecodeanalysis.xml
c:\users\patrik\documents\projects\kiv-os\msvc\kernel\x64\debug\filehandler.nativecodeanalysis.xml
c:\users\patrik\documents\projects\kiv-os\msvc\kernel\x64\debug\fs.nativecodeanalysis.xml
c:\users\patrik\documents\projects\kiv-os\msvc\kernel\x64\debug\processmanager.nativecodeanalysis.xml
c:\users\patrik\documents\projects\kiv-os\msvc\kernel\x64\debug\procfilesystem.nativecodeanalysis.xml
c:\users\patrik\documents\projects\kiv-os\msvc\kernel\x64\debug\test_vfs.nativecodeanalysis.xml
c:\users\patrik\documents\projects\kiv-os\msvc\kernel\x64\debug\vfs.nativecodeanalysis.xml
c:\users\patrik\documents\projects\kiv-os\msvc\kernel\x64\debug\fatfs.nativecodeanalysis.xml
c:\users\patrik\documents\projects\kiv-os\msvc\kernel\x64\debug\io.nativecodeanalysis.xml
c:\users\patrik\documents\projects\kiv-os\msvc\kernel\x64\debug\kernel.nativecodeanalysis.xml
c:\users\patrik\documents\projects\kiv-os\msvc\kernel\x64\debug\binsemaphore.nativecodeanalysis.xml
c:\users\patrik\documents\projects\kiv-os\msvc\kernel\x64\debug\pipe.nativecodeanalysis.xml
c:\users\patrik\documents\projects\kiv-os\msvc\kernel\x64\debug\pipehandler.nativecodeanalysis.xml
c:\users\patrik\documents\projects\kiv-os\msvc\kernel\x64\debug\pipehandler.obj
c:\users\patrik\documents\projects\kiv-os\msvc\kernel\x64\debug\pipe.obj
c:\users\patrik\documents\projects\kiv-os\msvc\kernel\x64\debug\binsemaphore.obj
c:\users\patrik\documents\projects\kiv-os\msvc\kernel\x64\debug\kernel.obj
c:\users\patrik\documents\projects\kiv-os\msvc\kernel\x64\debug\io.obj
c:\users\patrik\documents\projects\kiv-os\msvc\kernel\x64\debug\fatfs.obj
c:\users\patrik\documents\projects\kiv-os\msvc\kernel\x64\debug\vfs.obj
c:\users\patrik\documents\projects\kiv-os\msvc\kernel\x64\debug\test_vfs.obj
c:\users\patrik\documents\projects\kiv-os\msvc\kernel\x64\debug\procfilesystem.obj
c:\users\patrik\documents\projects\kiv-os\msvc\kernel\x64\debug\processmanager.obj
c:\users\patrik\documents\projects\kiv-os\msvc\kernel\x64\debug\fs.obj
c:\users\patrik\documents\projects\kiv-os\msvc\kernel\x64\debug\filehandler.obj
c:\users\patrik\documents\projects\kiv-os\msvc\kernel\x64\debug\dllmain.obj
c:\users\patrik\documents\projects\kiv-os\msvc\kernel\x64\debug\console.obj
c:\users\patrik\documents\projects\kiv-os\msvc\kernel\x64\debug\fat.nativecodeanalysis.xml
c:\users\patrik\documents\projects\kiv-os\msvc\kernel\x64\debug\library.nativecodeanalysis.xml
c:\users\patrik\documents\projects\kiv-os\msvc\kernel\x64\debug\library.obj
c:\users\patrik\documents\projects\kiv-os\msvc\kernel\x64\debug\fat.obj
c:\users\patrik\documents\projects\kiv-os\compiled\kernel.lib
c:\users\patrik\documents\projects\kiv-os\compiled\kernel.exp
c:\users\patrik\documents\projects\kiv-os\compiled\kernel.ipdb
c:\users\patrik\documents\projects\kiv-os\compiled\kernel.iobj
c:\users\patrik\documents\projects\kiv-os\compiled\kernel.ilk
c:\users\patrik\documents\projects\kiv-os\compiled\kernel.dll
c:\users\patrik\documents\projects\kiv-os\compiled\lnk{c1500f98-5a48-4668-bd1b-d3e635f42596}.tmp
c:\users\patrik\documents\projects\kiv-os\compiled\kernel.pdb
c:\users\patrik\documents\projects\kiv-os\msvc\kernel\x64\debug\nativecodeanalysis.read.1.tlog
c:\users\patrik\documents\projects\kiv-os\msvc\kernel\x64\debug\vc.nativecodeanalysis.all.xml
c:\users\patrik\documents\projects\kiv-os\msvc\kernel\x64\debug\kernel.tlog\cl.command.1.tlog
c:\users\patrik\documents\projects\kiv-os\msvc\kernel\x64\debug\kernel.tlog\cl.read.1.tlog
c:\users\patrik\documents\projects\kiv-os\msvc\kernel\x64\debug\kernel.tlog\cl.write.1.tlog
c:\users\patrik\documents\projects\kiv-os\msvc\kernel\x64\debug\kernel.tlog\kernel.write.1u.tlog
c:\users\patrik\documents\projects\kiv-os\msvc\kernel\x64\debug\kernel.tlog\link.command.1.tlog
c:\users\patrik\documents\projects\kiv-os\msvc\kernel\x64\debug\kernel.tlog\link.delete.1.tlog
c:\users\patrik\documents\projects\kiv-os\msvc\kernel\x64\debug\kernel.tlog\link.read.1.tlog
c:\users\patrik\documents\projects\kiv-os\msvc\kernel\x64\debug\kernel.tlog\link.write.1.tlog
