c:\users\patrik\documents\projects\kiv-os\msvc\user\debug\vc141.pdb
c:\users\patrik\documents\projects\kiv-os\msvc\user\debug\vc141.idb
c:\users\patrik\documents\projects\kiv-os\msvc\user\debug\cd.obj
c:\users\patrik\documents\projects\kiv-os\msvc\user\debug\commandswrapper.obj
c:\users\patrik\documents\projects\kiv-os\msvc\user\debug\dir.obj
c:\users\patrik\documents\projects\kiv-os\msvc\user\debug\dllmain.obj
c:\users\patrik\documents\projects\kiv-os\msvc\user\debug\echo.obj
c:\users\patrik\documents\projects\kiv-os\msvc\user\debug\freq.obj
c:\users\patrik\documents\projects\kiv-os\msvc\user\debug\md.obj
c:\users\patrik\documents\projects\kiv-os\msvc\user\debug\pipe_test.obj
c:\users\patrik\documents\projects\kiv-os\msvc\user\debug\ps.obj
c:\users\patrik\documents\projects\kiv-os\msvc\user\debug\rd.obj
c:\users\patrik\documents\projects\kiv-os\msvc\user\debug\rgen.obj
c:\users\patrik\documents\projects\kiv-os\msvc\user\debug\rtl.obj
c:\users\patrik\documents\projects\kiv-os\msvc\user\debug\shell.obj
c:\users\patrik\documents\projects\kiv-os\msvc\user\debug\shutdown.obj
c:\users\patrik\documents\projects\kiv-os\msvc\user\debug\sort.obj
c:\users\patrik\documents\projects\kiv-os\msvc\user\debug\string.obj
c:\users\patrik\documents\projects\kiv-os\msvc\user\debug\type.obj
c:\users\patrik\documents\projects\kiv-os\msvc\user\debug\wc.obj
c:\users\patrik\documents\projects\kiv-os\msvc\boot\debug\user.ilk
c:\users\patrik\documents\projects\kiv-os\msvc\boot\debug\user.dll
c:\users\patrik\documents\projects\kiv-os\msvc\boot\debug\user.pdb
c:\users\patrik\documents\projects\kiv-os\msvc\boot\debug\user.lib
c:\users\patrik\documents\projects\kiv-os\msvc\boot\debug\user.exp
c:\users\patrik\documents\projects\kiv-os\msvc\user\debug\user.tlog\cl.command.1.tlog
c:\users\patrik\documents\projects\kiv-os\msvc\user\debug\user.tlog\cl.read.1.tlog
c:\users\patrik\documents\projects\kiv-os\msvc\user\debug\user.tlog\cl.write.1.tlog
c:\users\patrik\documents\projects\kiv-os\msvc\user\debug\user.tlog\link.command.1.tlog
c:\users\patrik\documents\projects\kiv-os\msvc\user\debug\user.tlog\link.read.1.tlog
c:\users\patrik\documents\projects\kiv-os\msvc\user\debug\user.tlog\link.write.1.tlog
c:\users\patrik\documents\projects\kiv-os\msvc\user\debug\user.tlog\user.write.1u.tlog
