c:\users\patrik\documents\projects\kiv-os\msvc\kernel\release\vc141.pdb
c:\users\patrik\documents\projects\kiv-os\msvc\kernel\release\pipehandler.obj
c:\users\patrik\documents\projects\kiv-os\msvc\kernel\release\pipe.obj
c:\users\patrik\documents\projects\kiv-os\msvc\kernel\release\binsemaphore.obj
c:\users\patrik\documents\projects\kiv-os\msvc\kernel\release\kernel.obj
c:\users\patrik\documents\projects\kiv-os\msvc\kernel\release\io.obj
c:\users\patrik\documents\projects\kiv-os\msvc\kernel\release\fatfs.obj
c:\users\patrik\documents\projects\kiv-os\msvc\kernel\release\vfs.obj
c:\users\patrik\documents\projects\kiv-os\msvc\kernel\release\test_vfs.obj
c:\users\patrik\documents\projects\kiv-os\msvc\kernel\release\procfilesystem.obj
c:\users\patrik\documents\projects\kiv-os\msvc\kernel\release\processmanager.obj
c:\users\patrik\documents\projects\kiv-os\msvc\kernel\release\fs.obj
c:\users\patrik\documents\projects\kiv-os\msvc\kernel\release\filehandler.obj
c:\users\patrik\documents\projects\kiv-os\msvc\kernel\release\dllmain.obj
c:\users\patrik\documents\projects\kiv-os\msvc\kernel\release\console.obj
c:\users\patrik\documents\projects\kiv-os\msvc\kernel\release\library.obj
c:\users\patrik\documents\projects\kiv-os\msvc\kernel\release\fat.obj
c:\users\patrik\documents\projects\kiv-os\msvc\boot\release\kernel.ipdb
c:\users\patrik\documents\projects\kiv-os\msvc\boot\release\kernel.iobj
c:\users\patrik\documents\projects\kiv-os\msvc\boot\release\kernel.lib
c:\users\patrik\documents\projects\kiv-os\msvc\boot\release\kernel.exp
c:\users\patrik\documents\projects\kiv-os\msvc\kernel\release\kernel.lib
c:\users\patrik\documents\projects\kiv-os\msvc\kernel\release\kernel.exp
c:\users\patrik\documents\projects\kiv-os\msvc\kernel\release\kernel.ipdb
c:\users\patrik\documents\projects\kiv-os\msvc\kernel\release\kernel.iobj
c:\users\patrik\documents\projects\kiv-os\msvc\boot\release\kernel.dll
c:\users\patrik\documents\projects\kiv-os\msvc\boot\release\kernel.pdb
c:\users\patrik\documents\projects\kiv-os\msvc\kernel\release\kernel.dll
c:\users\patrik\documents\projects\kiv-os\msvc\kernel\release\kernel.pdb
c:\users\patrik\documents\projects\kiv-os\msvc\kernel\release\kernel.tlog\cl.command.1.tlog
c:\users\patrik\documents\projects\kiv-os\msvc\kernel\release\kernel.tlog\cl.read.1.tlog
c:\users\patrik\documents\projects\kiv-os\msvc\kernel\release\kernel.tlog\cl.write.1.tlog
c:\users\patrik\documents\projects\kiv-os\msvc\kernel\release\kernel.tlog\kernel.write.1u.tlog
c:\users\patrik\documents\projects\kiv-os\msvc\kernel\release\kernel.tlog\link.command.1.tlog
c:\users\patrik\documents\projects\kiv-os\msvc\kernel\release\kernel.tlog\link.read.1.tlog
c:\users\patrik\documents\projects\kiv-os\msvc\kernel\release\kernel.tlog\link.write.1.tlog
