c:\users\patrik\documents\projects\kiv-os\msvc\user\x64\release\vc141.pdb
c:\users\patrik\documents\projects\kiv-os\msvc\user\x64\release\wc.nativecodeanalysis.xml
c:\users\patrik\documents\projects\kiv-os\msvc\user\x64\release\type.nativecodeanalysis.xml
c:\users\patrik\documents\projects\kiv-os\msvc\user\x64\release\string.nativecodeanalysis.xml
c:\users\patrik\documents\projects\kiv-os\msvc\user\x64\release\sort.nativecodeanalysis.xml
c:\users\patrik\documents\projects\kiv-os\msvc\user\x64\release\shutdown.nativecodeanalysis.xml
c:\users\patrik\documents\projects\kiv-os\msvc\user\x64\release\shell.nativecodeanalysis.xml
c:\users\patrik\documents\projects\kiv-os\msvc\user\x64\release\rtl.nativecodeanalysis.xml
c:\users\patrik\documents\projects\kiv-os\msvc\user\x64\release\rgen.nativecodeanalysis.xml
c:\users\patrik\documents\projects\kiv-os\msvc\user\x64\release\rd.nativecodeanalysis.xml
c:\users\patrik\documents\projects\kiv-os\msvc\user\x64\release\ps.nativecodeanalysis.xml
c:\users\patrik\documents\projects\kiv-os\msvc\user\x64\release\pipe_test.nativecodeanalysis.xml
c:\users\patrik\documents\projects\kiv-os\msvc\user\x64\release\md.nativecodeanalysis.xml
c:\users\patrik\documents\projects\kiv-os\msvc\user\x64\release\freq.nativecodeanalysis.xml
c:\users\patrik\documents\projects\kiv-os\msvc\user\x64\release\echo.nativecodeanalysis.xml
c:\users\patrik\documents\projects\kiv-os\msvc\user\x64\release\dllmain.nativecodeanalysis.xml
c:\users\patrik\documents\projects\kiv-os\msvc\user\x64\release\dir.nativecodeanalysis.xml
c:\users\patrik\documents\projects\kiv-os\msvc\user\x64\release\commandswrapper.nativecodeanalysis.xml
c:\users\patrik\documents\projects\kiv-os\msvc\user\x64\release\cd.nativecodeanalysis.xml
c:\users\patrik\documents\projects\kiv-os\msvc\user\x64\release\cd.obj
c:\users\patrik\documents\projects\kiv-os\msvc\user\x64\release\commandswrapper.obj
c:\users\patrik\documents\projects\kiv-os\msvc\user\x64\release\dir.obj
c:\users\patrik\documents\projects\kiv-os\msvc\user\x64\release\dllmain.obj
c:\users\patrik\documents\projects\kiv-os\msvc\user\x64\release\echo.obj
c:\users\patrik\documents\projects\kiv-os\msvc\user\x64\release\freq.obj
c:\users\patrik\documents\projects\kiv-os\msvc\user\x64\release\md.obj
c:\users\patrik\documents\projects\kiv-os\msvc\user\x64\release\pipe_test.obj
c:\users\patrik\documents\projects\kiv-os\msvc\user\x64\release\ps.obj
c:\users\patrik\documents\projects\kiv-os\msvc\user\x64\release\rd.obj
c:\users\patrik\documents\projects\kiv-os\msvc\user\x64\release\rgen.obj
c:\users\patrik\documents\projects\kiv-os\msvc\user\x64\release\rtl.obj
c:\users\patrik\documents\projects\kiv-os\msvc\user\x64\release\shell.obj
c:\users\patrik\documents\projects\kiv-os\msvc\user\x64\release\shutdown.obj
c:\users\patrik\documents\projects\kiv-os\msvc\user\x64\release\sort.obj
c:\users\patrik\documents\projects\kiv-os\msvc\user\x64\release\string.obj
c:\users\patrik\documents\projects\kiv-os\msvc\user\x64\release\type.obj
c:\users\patrik\documents\projects\kiv-os\msvc\user\x64\release\wc.obj
c:\users\patrik\documents\projects\kiv-os\compiled\user.dll
c:\users\patrik\documents\projects\kiv-os\compiled\user.pdb
c:\users\patrik\documents\projects\kiv-os\compiled\user.lib
c:\users\patrik\documents\projects\kiv-os\compiled\user.exp
c:\users\patrik\documents\projects\kiv-os\compiled\user.ipdb
c:\users\patrik\documents\projects\kiv-os\compiled\user.iobj
c:\users\patrik\documents\projects\kiv-os\msvc\user\x64\release\nativecodeanalysis.read.1.tlog
c:\users\patrik\documents\projects\kiv-os\msvc\user\x64\release\vc.nativecodeanalysis.all.xml
c:\users\patrik\documents\projects\kiv-os\msvc\user\x64\release\user.tlog\cl.command.1.tlog
c:\users\patrik\documents\projects\kiv-os\msvc\user\x64\release\user.tlog\cl.read.1.tlog
c:\users\patrik\documents\projects\kiv-os\msvc\user\x64\release\user.tlog\cl.write.1.tlog
c:\users\patrik\documents\projects\kiv-os\msvc\user\x64\release\user.tlog\link.command.1.tlog
c:\users\patrik\documents\projects\kiv-os\msvc\user\x64\release\user.tlog\link.read.1.tlog
c:\users\patrik\documents\projects\kiv-os\msvc\user\x64\release\user.tlog\link.write.1.tlog
c:\users\patrik\documents\projects\kiv-os\msvc\user\x64\release\user.tlog\user.write.1u.tlog
