c:\users\patrik\documents\projects\kiv-os\msvc\user\x64\debug\vc141.pdb
c:\users\patrik\documents\projects\kiv-os\msvc\user\x64\debug\vc141.idb
c:\users\patrik\documents\projects\kiv-os\msvc\user\x64\debug\cd.nativecodeanalysis.xml
c:\users\patrik\documents\projects\kiv-os\msvc\user\x64\debug\commandswrapper.nativecodeanalysis.xml
c:\users\patrik\documents\projects\kiv-os\msvc\user\x64\debug\dir.nativecodeanalysis.xml
c:\users\patrik\documents\projects\kiv-os\msvc\user\x64\debug\dllmain.nativecodeanalysis.xml
c:\users\patrik\documents\projects\kiv-os\msvc\user\x64\debug\echo.nativecodeanalysis.xml
c:\users\patrik\documents\projects\kiv-os\msvc\user\x64\debug\freq.nativecodeanalysis.xml
c:\users\patrik\documents\projects\kiv-os\msvc\user\x64\debug\md.nativecodeanalysis.xml
c:\users\patrik\documents\projects\kiv-os\msvc\user\x64\debug\pipe_test.nativecodeanalysis.xml
c:\users\patrik\documents\projects\kiv-os\msvc\user\x64\debug\ps.nativecodeanalysis.xml
c:\users\patrik\documents\projects\kiv-os\msvc\user\x64\debug\rd.nativecodeanalysis.xml
c:\users\patrik\documents\projects\kiv-os\msvc\user\x64\debug\rgen.nativecodeanalysis.xml
c:\users\patrik\documents\projects\kiv-os\msvc\user\x64\debug\rtl.nativecodeanalysis.xml
c:\users\patrik\documents\projects\kiv-os\msvc\user\x64\debug\shell.nativecodeanalysis.xml
c:\users\patrik\documents\projects\kiv-os\msvc\user\x64\debug\shutdown.nativecodeanalysis.xml
c:\users\patrik\documents\projects\kiv-os\msvc\user\x64\debug\sort.nativecodeanalysis.xml
c:\users\patrik\documents\projects\kiv-os\msvc\user\x64\debug\string.nativecodeanalysis.xml
c:\users\patrik\documents\projects\kiv-os\msvc\user\x64\debug\type.nativecodeanalysis.xml
c:\users\patrik\documents\projects\kiv-os\msvc\user\x64\debug\wc.nativecodeanalysis.xml
c:\users\patrik\documents\projects\kiv-os\msvc\user\x64\debug\wc.obj
c:\users\patrik\documents\projects\kiv-os\msvc\user\x64\debug\type.obj
c:\users\patrik\documents\projects\kiv-os\msvc\user\x64\debug\string.obj
c:\users\patrik\documents\projects\kiv-os\msvc\user\x64\debug\sort.obj
c:\users\patrik\documents\projects\kiv-os\msvc\user\x64\debug\shutdown.obj
c:\users\patrik\documents\projects\kiv-os\msvc\user\x64\debug\shell.obj
c:\users\patrik\documents\projects\kiv-os\msvc\user\x64\debug\rtl.obj
c:\users\patrik\documents\projects\kiv-os\msvc\user\x64\debug\rgen.obj
c:\users\patrik\documents\projects\kiv-os\msvc\user\x64\debug\rd.obj
c:\users\patrik\documents\projects\kiv-os\msvc\user\x64\debug\ps.obj
c:\users\patrik\documents\projects\kiv-os\msvc\user\x64\debug\pipe_test.obj
c:\users\patrik\documents\projects\kiv-os\msvc\user\x64\debug\md.obj
c:\users\patrik\documents\projects\kiv-os\msvc\user\x64\debug\freq.obj
c:\users\patrik\documents\projects\kiv-os\msvc\user\x64\debug\echo.obj
c:\users\patrik\documents\projects\kiv-os\msvc\user\x64\debug\dllmain.obj
c:\users\patrik\documents\projects\kiv-os\msvc\user\x64\debug\dir.obj
c:\users\patrik\documents\projects\kiv-os\msvc\user\x64\debug\commandswrapper.obj
c:\users\patrik\documents\projects\kiv-os\msvc\user\x64\debug\cd.obj
c:\users\patrik\documents\projects\kiv-os\compiled\user.ilk
c:\users\patrik\documents\projects\kiv-os\compiled\user.dll
c:\users\patrik\documents\projects\kiv-os\compiled\user.pdb
c:\users\patrik\documents\projects\kiv-os\compiled\user.lib
c:\users\patrik\documents\projects\kiv-os\compiled\user.exp
c:\users\patrik\documents\projects\kiv-os\msvc\user\x64\debug\nativecodeanalysis.read.1.tlog
c:\users\patrik\documents\projects\kiv-os\msvc\user\x64\debug\vc.nativecodeanalysis.all.xml
c:\users\patrik\documents\projects\kiv-os\msvc\user\x64\debug\user.tlog\cl.command.1.tlog
c:\users\patrik\documents\projects\kiv-os\msvc\user\x64\debug\user.tlog\cl.read.1.tlog
c:\users\patrik\documents\projects\kiv-os\msvc\user\x64\debug\user.tlog\cl.write.1.tlog
c:\users\patrik\documents\projects\kiv-os\msvc\user\x64\debug\user.tlog\link.command.1.tlog
c:\users\patrik\documents\projects\kiv-os\msvc\user\x64\debug\user.tlog\link.read.1.tlog
c:\users\patrik\documents\projects\kiv-os\msvc\user\x64\debug\user.tlog\link.write.1.tlog
c:\users\patrik\documents\projects\kiv-os\msvc\user\x64\debug\user.tlog\user.write.1u.tlog
