c:\users\patrik\documents\projects\kiv-os\msvc\user\release\vc141.pdb
c:\users\patrik\documents\projects\kiv-os\msvc\user\release\wc.obj
c:\users\patrik\documents\projects\kiv-os\msvc\user\release\type.obj
c:\users\patrik\documents\projects\kiv-os\msvc\user\release\string.obj
c:\users\patrik\documents\projects\kiv-os\msvc\user\release\sort.obj
c:\users\patrik\documents\projects\kiv-os\msvc\user\release\shutdown.obj
c:\users\patrik\documents\projects\kiv-os\msvc\user\release\shell.obj
c:\users\patrik\documents\projects\kiv-os\msvc\user\release\rtl.obj
c:\users\patrik\documents\projects\kiv-os\msvc\user\release\rgen.obj
c:\users\patrik\documents\projects\kiv-os\msvc\user\release\rd.obj
c:\users\patrik\documents\projects\kiv-os\msvc\user\release\ps.obj
c:\users\patrik\documents\projects\kiv-os\msvc\user\release\md.obj
c:\users\patrik\documents\projects\kiv-os\msvc\user\release\freq.obj
c:\users\patrik\documents\projects\kiv-os\msvc\user\release\echo.obj
c:\users\patrik\documents\projects\kiv-os\msvc\user\release\dllmain.obj
c:\users\patrik\documents\projects\kiv-os\msvc\user\release\dir.obj
c:\users\patrik\documents\projects\kiv-os\msvc\user\release\commandswrapper.obj
c:\users\patrik\documents\projects\kiv-os\msvc\user\release\cd.obj
c:\users\patrik\documents\projects\kiv-os\msvc\user\release\user.tlog\cl.command.1.tlog
c:\users\patrik\documents\projects\kiv-os\msvc\user\release\user.tlog\cl.read.1.tlog
c:\users\patrik\documents\projects\kiv-os\msvc\user\release\user.tlog\cl.write.1.tlog
c:\users\patrik\documents\projects\kiv-os\msvc\user\release\user.tlog\link.command.1.tlog
c:\users\patrik\documents\projects\kiv-os\msvc\user\release\user.tlog\link.read.1.tlog
c:\users\patrik\documents\projects\kiv-os\msvc\user\release\user.tlog\link.write.1.tlog
